<?xml version="1.0" encoding="UTF-8"?>
<testsuite xmlns:xsi="http://www.w3.org/2001/XMLSchema-instance" xsi:noNamespaceSchemaLocation="https://maven.apache.org/surefire/maven-surefire-plugin/xsd/surefire-test-report-3.0.xsd" version="3.0" name="gabrielhtg.icstardashboardsalesbackend.IcstarDashboardSalesBackendApplicationTests" time="3.609" tests="1" errors="0" skipped="0" failures="0">
  <properties>
[...]
</properties>
  <testcase name="contextLoads" classname="gabrielhtg.icstardashboardsalesbackend.IcstarDashboardSalesBackendApplicationTests" time="0.382">
    <system-out><![CDATA[13:55:54.986 [main] INFO org.springframework.test.context.support.AnnotationConfigContextLoaderUtils -- Could not detect default configuration classes for test class [gabrielhtg.icstardashboardsalesbackend.IcstarDashboardSalesBackendApplicationTests]: IcstarDashboardSalesBackendApplicationTests does not declare any static, non-private, non-final, nested classes annotated with @Configuration.
13:55:55.069 [main] INFO org.springframework.boot.test.context.SpringBootTestContextBootstrapper -- Found @SpringBootConfiguration gabrielhtg.icstardashboardsalesbackend.IcstarDashboardSalesBackendApplication for test class gabrielhtg.icstardashboardsalesbackend.IcstarDashboardSalesBackendApplicationTests

  .   ____          _            __ _ _
 /\\ / ___'_ __ _ _(_)_ __  __ _ \ \ \ \
( ( )\___ | '_ | '_| | '_ \/ _` | \ \ \ \
 \\/  ___)| |_)| | | | | || (_| |  ) ) ) )
  '  |____| .__|_| |_|_| |_\__, | / / / /
 =========|_|==============|___/=/_/_/_/
 :: Spring Boot ::                (v3.1.3)

2023-10-19T13:55:55.411+07:00  INFO 18567 --- [           main] tarDashboardSalesBackendApplicationTests : Starting IcstarDashboardSalesBackendApplicationTests using Java 20.0.2 with PID 18567 (started by gabriel in /home/gabriel/projects/icstar-dashboard-sales-backend)
2023-10-19T13:55:55.412+07:00  INFO 18567 --- [           main] tarDashboardSalesBackendApplicationTests : No active profile set, falling back to 1 default profile: "default"
2023-10-19T13:55:55.894+07:00  INFO 18567 --- [           main] .s.d.r.c.RepositoryConfigurationDelegate : Bootstrapping Spring Data JPA repositories in DEFAULT mode.
2023-10-19T13:55:55.934+07:00  INFO 18567 --- [           main] .s.d.r.c.RepositoryConfigurationDelegate : Finished Spring Data repository scanning in 35 ms. Found 2 JPA repository interfaces.
2023-10-19T13:55:56.251+07:00  INFO 18567 --- [           main] com.zaxxer.hikari.HikariDataSource       : HikariPool-1 - Starting...
2023-10-19T13:55:56.362+07:00  INFO 18567 --- [           main] com.zaxxer.hikari.pool.HikariPool        : HikariPool-1 - Added connection org.mariadb.jdbc.Connection@1319bc2a
2023-10-19T13:55:56.363+07:00  INFO 18567 --- [           main] com.zaxxer.hikari.HikariDataSource       : HikariPool-1 - Start completed.
2023-10-19T13:55:56.399+07:00  INFO 18567 --- [           main] o.hibernate.jpa.internal.util.LogHelper  : HHH000204: Processing PersistenceUnitInfo [name: default]
2023-10-19T13:55:56.436+07:00  INFO 18567 --- [           main] org.hibernate.Version                    : HHH000412: Hibernate ORM core version 6.2.7.Final
2023-10-19T13:55:56.438+07:00  INFO 18567 --- [           main] org.hibernate.cfg.Environment            : HHH000406: Using bytecode reflection optimizer
2023-10-19T13:55:56.559+07:00  INFO 18567 --- [           main] o.h.b.i.BytecodeProviderInitiator        : HHH000021: Bytecode provider name : bytebuddy
2023-10-19T13:55:56.664+07:00  INFO 18567 --- [           main] o.s.o.j.p.SpringPersistenceUnitInfo      : No LoadTimeWeaver setup: ignoring JPA class transformer
2023-10-19T13:55:56.854+07:00  INFO 18567 --- [           main] o.h.b.i.BytecodeProviderInitiator        : HHH000021: Bytecode provider name : bytebuddy
2023-10-19T13:55:57.311+07:00  INFO 18567 --- [           main] o.h.e.t.j.p.i.JtaPlatformInitiator       : HHH000490: Using JtaPlatform implementation: [org.hibernate.engine.transaction.jta.platform.internal.NoJtaPlatform]
2023-10-19T13:55:57.313+07:00  INFO 18567 --- [           main] j.LocalContainerEntityManagerFactoryBean : Initialized JPA EntityManagerFactory for persistence unit 'default'
2023-10-19T13:55:57.809+07:00  WARN 18567 --- [           main] JpaBaseConfiguration$JpaWebConfiguration : spring.jpa.open-in-view is enabled by default. Therefore, database queries may be performed during view rendering. Explicitly configure spring.jpa.open-in-view to disable this warning
2023-10-19T13:55:58.049+07:00  INFO 18567 --- [           main] tarDashboardSalesBackendApplicationTests : Started IcstarDashboardSalesBackendApplicationTests in 2.859 seconds (process running for 3.616)
]]></system-out>
  </testcase>
</testsuite>